2025-04-23 07:49:40 - com.murat.mainapp.MainAppApplication - [logStarting] - (INFO) - Starting MainAppApplication using Java 21.0.6 with PID 13412 (C:\Users\murat\Desktop\ToyotaProject2025\MainApp\target\classes started by murat in C:\Users\murat\Desktop\ToyotaProject2025\MainApp) - 
2025-04-23 07:49:40 - com.murat.mainapp.MainAppApplication - [logStartupProfileInfo] - (INFO) - No active profile set, falling back to 1 default profile: "default" - 
2025-04-23 07:49:40 - org.springframework.data.repository.config.RepositoryConfigurationDelegate - [multipleStoresDetected] - (INFO) - Multiple Spring Data modules found, entering strict repository configuration mode - 
2025-04-23 07:49:40 - org.springframework.data.repository.config.RepositoryConfigurationDelegate - [registerRepositoriesIn] - (INFO) - Bootstrapping Spring Data Redis repositories in DEFAULT mode. - 
2025-04-23 07:49:40 - org.springframework.data.repository.config.RepositoryConfigurationDelegate - [registerRepositoriesIn] - (INFO) - Finished Spring Data repository scanning in 9 ms. Found 0 Redis repository interfaces. - 
2025-04-23 07:49:40 - com.murat.mainapp.coordinator.Coordinator - [init] - (INFO) - Initializing Coordinator - 
2025-04-23 07:49:40 - com.murat.mainapp.coordinator.Coordinator - [init] - (INFO) - Fetchers loaded - 
2025-04-23 07:49:40 - com.murat.mainapp.coordinator.Coordinator - [init] - (INFO) - Connecting to platform PF1 - 
2025-04-23 07:49:40 - com.murat.mainapp.coordinator.Coordinator - [init] - (ERROR) - Error connecting to platform PF1 - 
2025-04-23 07:49:40 - com.murat.mainapp.coordinator.Coordinator - [init] - (INFO) - Connecting to platform PF2 - 
2025-04-23 07:49:40 - com.murat.mainapp.coordinator.Coordinator - [init] - (ERROR) - Something went wrong while connecting to platform PF2 - 
2025-04-23 07:49:41 - org.apache.kafka.clients.admin.AdminClientConfig - [logAll] - (INFO) - AdminClientConfig values: 
	auto.include.jmx.reporter = true
	bootstrap.controllers = []
	bootstrap.servers = [localhost:9092]
	client.dns.lookup = use_all_dns_ips
	client.id = MainApp-admin-0
	connections.max.idle.ms = 300000
	default.api.timeout.ms = 60000
	enable.metrics.push = true
	metadata.max.age.ms = 300000
	metadata.recovery.strategy = none
	metric.reporters = []
	metrics.num.samples = 2
	metrics.recording.level = INFO
	metrics.sample.window.ms = 30000
	receive.buffer.bytes = 65536
	reconnect.backoff.max.ms = 1000
	reconnect.backoff.ms = 50
	request.timeout.ms = 30000
	retries = 2147483647
	retry.backoff.max.ms = 1000
	retry.backoff.ms = 100
	sasl.client.callback.handler.class = null
	sasl.jaas.config = null
	sasl.kerberos.kinit.cmd = /usr/bin/kinit
	sasl.kerberos.min.time.before.relogin = 60000
	sasl.kerberos.service.name = null
	sasl.kerberos.ticket.renew.jitter = 0.05
	sasl.kerberos.ticket.renew.window.factor = 0.8
	sasl.login.callback.handler.class = null
	sasl.login.class = null
	sasl.login.connect.timeout.ms = null
	sasl.login.read.timeout.ms = null
	sasl.login.refresh.buffer.seconds = 300
	sasl.login.refresh.min.period.seconds = 60
	sasl.login.refresh.window.factor = 0.8
	sasl.login.refresh.window.jitter = 0.05
	sasl.login.retry.backoff.max.ms = 10000
	sasl.login.retry.backoff.ms = 100
	sasl.mechanism = GSSAPI
	sasl.oauthbearer.clock.skew.seconds = 30
	sasl.oauthbearer.expected.audience = null
	sasl.oauthbearer.expected.issuer = null
	sasl.oauthbearer.jwks.endpoint.refresh.ms = 3600000
	sasl.oauthbearer.jwks.endpoint.retry.backoff.max.ms = 10000
	sasl.oauthbearer.jwks.endpoint.retry.backoff.ms = 100
	sasl.oauthbearer.jwks.endpoint.url = null
	sasl.oauthbearer.scope.claim.name = scope
	sasl.oauthbearer.sub.claim.name = sub
	sasl.oauthbearer.token.endpoint.url = null
	security.protocol = PLAINTEXT
	security.providers = null
	send.buffer.bytes = 131072
	socket.connection.setup.timeout.max.ms = 30000
	socket.connection.setup.timeout.ms = 10000
	ssl.cipher.suites = null
	ssl.enabled.protocols = [TLSv1.2, TLSv1.3]
	ssl.endpoint.identification.algorithm = https
	ssl.engine.factory.class = null
	ssl.key.password = null
	ssl.keymanager.algorithm = SunX509
	ssl.keystore.certificate.chain = null
	ssl.keystore.key = null
	ssl.keystore.location = null
	ssl.keystore.password = null
	ssl.keystore.type = JKS
	ssl.protocol = TLSv1.3
	ssl.provider = null
	ssl.secure.random.implementation = null
	ssl.trustmanager.algorithm = PKIX
	ssl.truststore.certificates = null
	ssl.truststore.location = null
	ssl.truststore.password = null
	ssl.truststore.type = JKS
 - 
2025-04-23 07:49:41 - org.apache.kafka.common.utils.AppInfoParser - [<init>] - (INFO) - Kafka version: 3.8.1 - 
2025-04-23 07:49:41 - org.apache.kafka.common.utils.AppInfoParser - [<init>] - (INFO) - Kafka commitId: 70d6ff42debf7e17 - 
2025-04-23 07:49:41 - org.apache.kafka.common.utils.AppInfoParser - [<init>] - (INFO) - Kafka startTimeMs: 1745383781195 - 
2025-04-23 07:49:41 - org.apache.kafka.clients.NetworkClient - [handleDisconnections] - (INFO) - [AdminClient clientId=MainApp-admin-0] Node -1 disconnected. - 
2025-04-23 07:49:41 - org.apache.kafka.clients.NetworkClient - [processDisconnection] - (WARN) - [AdminClient clientId=MainApp-admin-0] Connection to node -1 (localhost/127.0.0.1:9092) could not be established. Node may not be available. - 
2025-04-23 07:49:41 - org.apache.kafka.clients.NetworkClient - [handleDisconnections] - (INFO) - [AdminClient clientId=MainApp-admin-0] Node -1 disconnected. - 
2025-04-23 07:49:41 - org.apache.kafka.clients.NetworkClient - [processDisconnection] - (WARN) - [AdminClient clientId=MainApp-admin-0] Connection to node -1 (localhost/127.0.0.1:9092) could not be established. Node may not be available. - 
2025-04-23 07:49:41 - org.apache.kafka.clients.NetworkClient - [handleDisconnections] - (INFO) - [AdminClient clientId=MainApp-admin-0] Node -1 disconnected. - 
2025-04-23 07:49:41 - org.apache.kafka.clients.NetworkClient - [processDisconnection] - (WARN) - [AdminClient clientId=MainApp-admin-0] Connection to node -1 (localhost/127.0.0.1:9092) could not be established. Node may not be available. - 
2025-04-23 07:49:41 - org.apache.kafka.clients.NetworkClient - [handleDisconnections] - (INFO) - [AdminClient clientId=MainApp-admin-0] Node -1 disconnected. - 
2025-04-23 07:49:41 - org.apache.kafka.clients.NetworkClient - [processDisconnection] - (WARN) - [AdminClient clientId=MainApp-admin-0] Connection to node -1 (localhost/127.0.0.1:9092) could not be established. Node may not be available. - 
2025-04-23 07:49:42 - org.apache.kafka.clients.NetworkClient - [handleDisconnections] - (INFO) - [AdminClient clientId=MainApp-admin-0] Node -1 disconnected. - 
2025-04-23 07:49:42 - org.apache.kafka.clients.NetworkClient - [processDisconnection] - (WARN) - [AdminClient clientId=MainApp-admin-0] Connection to node -1 (localhost/127.0.0.1:9092) could not be established. Node may not be available. - 
2025-04-23 07:49:42 - org.apache.kafka.clients.NetworkClient - [handleDisconnections] - (INFO) - [AdminClient clientId=MainApp-admin-0] Node -1 disconnected. - 
2025-04-23 07:49:42 - org.apache.kafka.clients.NetworkClient - [processDisconnection] - (WARN) - [AdminClient clientId=MainApp-admin-0] Connection to node -1 (localhost/127.0.0.1:9092) could not be established. Node may not be available. - 
2025-04-23 07:49:43 - org.apache.kafka.clients.NetworkClient - [handleDisconnections] - (INFO) - [AdminClient clientId=MainApp-admin-0] Node -1 disconnected. - 
2025-04-23 07:49:43 - org.apache.kafka.clients.NetworkClient - [processDisconnection] - (WARN) - [AdminClient clientId=MainApp-admin-0] Connection to node -1 (localhost/127.0.0.1:9092) could not be established. Node may not be available. - 
2025-04-23 07:49:44 - org.apache.kafka.clients.NetworkClient - [handleDisconnections] - (INFO) - [AdminClient clientId=MainApp-admin-0] Node -1 disconnected. - 
2025-04-23 07:49:44 - org.apache.kafka.clients.NetworkClient - [processDisconnection] - (WARN) - [AdminClient clientId=MainApp-admin-0] Connection to node -1 (localhost/127.0.0.1:9092) could not be established. Node may not be available. - 
2025-04-23 07:49:45 - org.apache.kafka.clients.NetworkClient - [handleDisconnections] - (INFO) - [AdminClient clientId=MainApp-admin-0] Node -1 disconnected. - 
2025-04-23 07:49:45 - org.apache.kafka.clients.NetworkClient - [processDisconnection] - (WARN) - [AdminClient clientId=MainApp-admin-0] Connection to node -1 (localhost/127.0.0.1:9092) could not be established. Node may not be available. - 
2025-04-23 07:49:46 - org.apache.kafka.clients.NetworkClient - [handleDisconnections] - (INFO) - [AdminClient clientId=MainApp-admin-0] Node -1 disconnected. - 
2025-04-23 07:49:46 - org.apache.kafka.clients.NetworkClient - [processDisconnection] - (WARN) - [AdminClient clientId=MainApp-admin-0] Connection to node -1 (localhost/127.0.0.1:9092) could not be established. Node may not be available. - 
2025-04-23 07:49:47 - org.apache.kafka.clients.NetworkClient - [handleDisconnections] - (INFO) - [AdminClient clientId=MainApp-admin-0] Node -1 disconnected. - 
2025-04-23 07:49:47 - org.apache.kafka.clients.NetworkClient - [processDisconnection] - (WARN) - [AdminClient clientId=MainApp-admin-0] Connection to node -1 (localhost/127.0.0.1:9092) could not be established. Node may not be available. - 
2025-04-23 07:49:48 - org.apache.kafka.clients.NetworkClient - [handleDisconnections] - (INFO) - [AdminClient clientId=MainApp-admin-0] Node -1 disconnected. - 
2025-04-23 07:49:48 - org.apache.kafka.clients.NetworkClient - [processDisconnection] - (WARN) - [AdminClient clientId=MainApp-admin-0] Connection to node -1 (localhost/127.0.0.1:9092) could not be established. Node may not be available. - 
2025-04-23 07:49:49 - org.apache.kafka.clients.NetworkClient - [handleDisconnections] - (INFO) - [AdminClient clientId=MainApp-admin-0] Node -1 disconnected. - 
2025-04-23 07:49:49 - org.apache.kafka.clients.NetworkClient - [processDisconnection] - (WARN) - [AdminClient clientId=MainApp-admin-0] Connection to node -1 (localhost/127.0.0.1:9092) could not be established. Node may not be available. - 
2025-04-23 07:49:50 - org.apache.kafka.clients.NetworkClient - [handleDisconnections] - (INFO) - [AdminClient clientId=MainApp-admin-0] Node -1 disconnected. - 
2025-04-23 07:49:50 - org.apache.kafka.clients.NetworkClient - [processDisconnection] - (WARN) - [AdminClient clientId=MainApp-admin-0] Connection to node -1 (localhost/127.0.0.1:9092) could not be established. Node may not be available. - 
2025-04-23 07:49:51 - org.apache.kafka.clients.NetworkClient - [handleDisconnections] - (INFO) - [AdminClient clientId=MainApp-admin-0] Node -1 disconnected. - 
2025-04-23 07:49:51 - org.apache.kafka.clients.NetworkClient - [processDisconnection] - (WARN) - [AdminClient clientId=MainApp-admin-0] Connection to node -1 (localhost/127.0.0.1:9092) could not be established. Node may not be available. - 
2025-04-23 07:54:27 - com.murat.mainapp.MainAppApplication - [logStarting] - (INFO) - Starting MainAppApplication using Java 21.0.6 with PID 12728 (C:\Users\murat\Desktop\ToyotaProject2025\MainApp\target\classes started by murat in C:\Users\murat\Desktop\ToyotaProject2025\MainApp) - 
2025-04-23 07:54:27 - com.murat.mainapp.MainAppApplication - [logStartupProfileInfo] - (INFO) - No active profile set, falling back to 1 default profile: "default" - 
2025-04-23 07:54:28 - org.springframework.data.repository.config.RepositoryConfigurationDelegate - [multipleStoresDetected] - (INFO) - Multiple Spring Data modules found, entering strict repository configuration mode - 
2025-04-23 07:54:28 - org.springframework.data.repository.config.RepositoryConfigurationDelegate - [registerRepositoriesIn] - (INFO) - Bootstrapping Spring Data Redis repositories in DEFAULT mode. - 
2025-04-23 07:54:28 - org.springframework.data.repository.config.RepositoryConfigurationDelegate - [registerRepositoriesIn] - (INFO) - Finished Spring Data repository scanning in 29 ms. Found 0 Redis repository interfaces. - 
2025-04-23 07:54:29 - com.murat.mainapp.coordinator.Coordinator - [init] - (INFO) - Initializing Coordinator - 
2025-04-23 07:54:29 - com.murat.mainapp.coordinator.Coordinator - [init] - (INFO) - Fetchers loaded - 
2025-04-23 07:54:29 - com.murat.mainapp.coordinator.Coordinator - [init] - (INFO) - Connecting to platform PF1 - 
2025-04-23 07:54:29 - com.murat.mainapp.coordinator.Coordinator - [onConnect] - (INFO) - Connected to platform PF1 - 
2025-04-23 07:54:29 - com.murat.mainapp.fetcher.TcpDataFetcher - [subscribe] - (INFO) - Subscribing to USDTRY - 
2025-04-23 07:54:29 - com.murat.mainapp.coordinator.Coordinator - [lambda$onConnect$6] - (INFO) - Subscribed to platform USDTRY , currency {} PF1 - 
2025-04-23 07:54:29 - com.murat.mainapp.fetcher.TcpDataFetcher - [subscribe] - (INFO) - Subscribing to EURUSD - 
2025-04-23 07:54:29 - com.murat.mainapp.coordinator.Coordinator - [lambda$onConnect$6] - (INFO) - Subscribed to platform EURUSD , currency {} PF1 - 
2025-04-23 07:54:29 - com.murat.mainapp.coordinator.Coordinator - [lambda$onConnect$6] - (INFO) - Registered Fetcher com.murat.mainapp.fetcher.TcpDataFetcher - 
2025-04-23 07:54:29 - com.murat.mainapp.coordinator.Coordinator - [init] - (INFO) - Connected to platform PF1 - 
2025-04-23 07:54:29 - com.murat.mainapp.coordinator.Coordinator - [init] - (INFO) - Adding fetcher com.murat.mainapp.fetcher.TcpDataFetcher - 
2025-04-23 07:54:29 - com.murat.mainapp.fetcher.TcpDataFetcher - [lambda$startReaderThread$0] - (INFO) - To Exit : "exit" - 
2025-04-23 07:54:29 - com.murat.mainapp.fetcher.TcpDataFetcher - [run] - (INFO) - Sent subscribe command for rate: USDTRY - 
2025-04-23 07:54:29 - com.murat.mainapp.fetcher.TcpDataFetcher - [run] - (INFO) - Sent subscribe command for rate: EURUSD - 
2025-04-23 07:54:29 - com.murat.mainapp.coordinator.Coordinator - [init] - (INFO) - Connecting to platform PF2 - 
2025-04-23 07:54:29 - com.murat.mainapp.fetcher.TcpDataFetcher - [lambda$startReaderThread$0] - (INFO) - Subscribed to PF1_USDTRY - 
2025-04-23 07:54:29 - com.murat.mainapp.fetcher.TcpDataFetcher - [lambda$startReaderThread$0] - (INFO) - Subscribed to PF1_EURUSD - 
2025-04-23 07:54:30 - com.murat.mainapp.coordinator.Coordinator - [onConnect] - (INFO) - Connected to platform PF2 - 
2025-04-23 07:54:30 - com.murat.mainapp.fetcher.RestDataFetcher - [subscribe] - (INFO) - Subscribing to PF2 USDTRY - 
2025-04-23 07:54:30 - com.murat.mainapp.coordinator.Coordinator - [lambda$onConnect$6] - (INFO) - Subscribed to platform USDTRY , currency {} PF2 - 
2025-04-23 07:54:30 - com.murat.mainapp.fetcher.RestDataFetcher - [subscribe] - (INFO) - Subscribing to PF2 EURUSD - 
2025-04-23 07:54:30 - com.murat.mainapp.coordinator.Coordinator - [lambda$onConnect$6] - (INFO) - Subscribed to platform EURUSD , currency {} PF2 - 
2025-04-23 07:54:30 - com.murat.mainapp.coordinator.Coordinator - [lambda$onConnect$6] - (INFO) - Registered Fetcher com.murat.mainapp.fetcher.RestDataFetcher - 
2025-04-23 07:54:30 - com.murat.mainapp.coordinator.Coordinator - [init] - (INFO) - Connected to platform PF2 - 
2025-04-23 07:54:30 - com.murat.mainapp.coordinator.Coordinator - [init] - (INFO) - Adding fetcher com.murat.mainapp.fetcher.RestDataFetcher - 
2025-04-23 07:54:31 - org.apache.kafka.clients.admin.AdminClientConfig - [logAll] - (INFO) - AdminClientConfig values: 
	auto.include.jmx.reporter = true
	bootstrap.controllers = []
	bootstrap.servers = [localhost:9092]
	client.dns.lookup = use_all_dns_ips
	client.id = MainApp-admin-0
	connections.max.idle.ms = 300000
	default.api.timeout.ms = 60000
	enable.metrics.push = true
	metadata.max.age.ms = 300000
	metadata.recovery.strategy = none
	metric.reporters = []
	metrics.num.samples = 2
	metrics.recording.level = INFO
	metrics.sample.window.ms = 30000
	receive.buffer.bytes = 65536
	reconnect.backoff.max.ms = 1000
	reconnect.backoff.ms = 50
	request.timeout.ms = 30000
	retries = 2147483647
	retry.backoff.max.ms = 1000
	retry.backoff.ms = 100
	sasl.client.callback.handler.class = null
	sasl.jaas.config = null
	sasl.kerberos.kinit.cmd = /usr/bin/kinit
	sasl.kerberos.min.time.before.relogin = 60000
	sasl.kerberos.service.name = null
	sasl.kerberos.ticket.renew.jitter = 0.05
	sasl.kerberos.ticket.renew.window.factor = 0.8
	sasl.login.callback.handler.class = null
	sasl.login.class = null
	sasl.login.connect.timeout.ms = null
	sasl.login.read.timeout.ms = null
	sasl.login.refresh.buffer.seconds = 300
	sasl.login.refresh.min.period.seconds = 60
	sasl.login.refresh.window.factor = 0.8
	sasl.login.refresh.window.jitter = 0.05
	sasl.login.retry.backoff.max.ms = 10000
	sasl.login.retry.backoff.ms = 100
	sasl.mechanism = GSSAPI
	sasl.oauthbearer.clock.skew.seconds = 30
	sasl.oauthbearer.expected.audience = null
	sasl.oauthbearer.expected.issuer = null
	sasl.oauthbearer.jwks.endpoint.refresh.ms = 3600000
	sasl.oauthbearer.jwks.endpoint.retry.backoff.max.ms = 10000
	sasl.oauthbearer.jwks.endpoint.retry.backoff.ms = 100
	sasl.oauthbearer.jwks.endpoint.url = null
	sasl.oauthbearer.scope.claim.name = scope
	sasl.oauthbearer.sub.claim.name = sub
	sasl.oauthbearer.token.endpoint.url = null
	security.protocol = PLAINTEXT
	security.providers = null
	send.buffer.bytes = 131072
	socket.connection.setup.timeout.max.ms = 30000
	socket.connection.setup.timeout.ms = 10000
	ssl.cipher.suites = null
	ssl.enabled.protocols = [TLSv1.2, TLSv1.3]
	ssl.endpoint.identification.algorithm = https
	ssl.engine.factory.class = null
	ssl.key.password = null
	ssl.keymanager.algorithm = SunX509
	ssl.keystore.certificate.chain = null
	ssl.keystore.key = null
	ssl.keystore.location = null
	ssl.keystore.password = null
	ssl.keystore.type = JKS
	ssl.protocol = TLSv1.3
	ssl.provider = null
	ssl.secure.random.implementation = null
	ssl.trustmanager.algorithm = PKIX
	ssl.truststore.certificates = null
	ssl.truststore.location = null
	ssl.truststore.password = null
	ssl.truststore.type = JKS
 - 
2025-04-23 07:54:31 - org.apache.kafka.common.utils.AppInfoParser - [<init>] - (INFO) - Kafka version: 3.8.1 - 
2025-04-23 07:54:31 - org.apache.kafka.common.utils.AppInfoParser - [<init>] - (INFO) - Kafka commitId: 70d6ff42debf7e17 - 
2025-04-23 07:54:31 - org.apache.kafka.common.utils.AppInfoParser - [<init>] - (INFO) - Kafka startTimeMs: 1745384071611 - 
2025-04-23 07:54:32 - org.apache.kafka.common.utils.AppInfoParser - [unregisterAppInfo] - (INFO) - App info kafka.admin.client for MainApp-admin-0 unregistered - 
2025-04-23 07:54:32 - org.apache.kafka.common.metrics.Metrics - [close] - (INFO) - Metrics scheduler closed - 
2025-04-23 07:54:32 - org.apache.kafka.common.metrics.Metrics - [close] - (INFO) - Closing reporter org.apache.kafka.common.metrics.JmxReporter - 
2025-04-23 07:54:32 - org.apache.kafka.common.metrics.Metrics - [close] - (INFO) - Metrics reporters closed - 
2025-04-23 07:54:32 - com.murat.mainapp.MainAppApplication - [logStarted] - (INFO) - Started MainAppApplication in 4.768 seconds (process running for 6.42) - 
2025-04-23 07:54:53 - com.murat.mainapp.coordinator.Coordinator - [onRateAvailable] - (INFO) - Rate available: PF1_USDTRY|35.02|36.02|2025-04-23T07:54:53.446 - 
2025-04-23 07:54:53 - org.apache.kafka.clients.producer.ProducerConfig - [logAll] - (INFO) - ProducerConfig values: 
	acks = -1
	auto.include.jmx.reporter = true
	batch.size = 16384
	bootstrap.servers = [localhost:9092]
	buffer.memory = 33554432
	client.dns.lookup = use_all_dns_ips
	client.id = MainApp-producer-1
	compression.gzip.level = -1
	compression.lz4.level = 9
	compression.type = none
	compression.zstd.level = 3
	connections.max.idle.ms = 540000
	delivery.timeout.ms = 120000
	enable.idempotence = true
	enable.metrics.push = true
	interceptor.classes = []
	key.serializer = class org.apache.kafka.common.serialization.StringSerializer
	linger.ms = 0
	max.block.ms = 60000
	max.in.flight.requests.per.connection = 5
	max.request.size = 1048576
	metadata.max.age.ms = 300000
	metadata.max.idle.ms = 300000
	metadata.recovery.strategy = none
	metric.reporters = []
	metrics.num.samples = 2
	metrics.recording.level = INFO
	metrics.sample.window.ms = 30000
	partitioner.adaptive.partitioning.enable = true
	partitioner.availability.timeout.ms = 0
	partitioner.class = null
	partitioner.ignore.keys = false
	receive.buffer.bytes = 32768
	reconnect.backoff.max.ms = 1000
	reconnect.backoff.ms = 50
	request.timeout.ms = 30000
	retries = 2147483647
	retry.backoff.max.ms = 1000
	retry.backoff.ms = 100
	sasl.client.callback.handler.class = null
	sasl.jaas.config = null
	sasl.kerberos.kinit.cmd = /usr/bin/kinit
	sasl.kerberos.min.time.before.relogin = 60000
	sasl.kerberos.service.name = null
	sasl.kerberos.ticket.renew.jitter = 0.05
	sasl.kerberos.ticket.renew.window.factor = 0.8
	sasl.login.callback.handler.class = null
	sasl.login.class = null
	sasl.login.connect.timeout.ms = null
	sasl.login.read.timeout.ms = null
	sasl.login.refresh.buffer.seconds = 300
	sasl.login.refresh.min.period.seconds = 60
	sasl.login.refresh.window.factor = 0.8
	sasl.login.refresh.window.jitter = 0.05
	sasl.login.retry.backoff.max.ms = 10000
	sasl.login.retry.backoff.ms = 100
	sasl.mechanism = GSSAPI
	sasl.oauthbearer.clock.skew.seconds = 30
	sasl.oauthbearer.expected.audience = null
	sasl.oauthbearer.expected.issuer = null
	sasl.oauthbearer.jwks.endpoint.refresh.ms = 3600000
	sasl.oauthbearer.jwks.endpoint.retry.backoff.max.ms = 10000
	sasl.oauthbearer.jwks.endpoint.retry.backoff.ms = 100
	sasl.oauthbearer.jwks.endpoint.url = null
	sasl.oauthbearer.scope.claim.name = scope
	sasl.oauthbearer.sub.claim.name = sub
	sasl.oauthbearer.token.endpoint.url = null
	security.protocol = PLAINTEXT
	security.providers = null
	send.buffer.bytes = 131072
	socket.connection.setup.timeout.max.ms = 30000
	socket.connection.setup.timeout.ms = 10000
	ssl.cipher.suites = null
	ssl.enabled.protocols = [TLSv1.2, TLSv1.3]
	ssl.endpoint.identification.algorithm = https
	ssl.engine.factory.class = null
	ssl.key.password = null
	ssl.keymanager.algorithm = SunX509
	ssl.keystore.certificate.chain = null
	ssl.keystore.key = null
	ssl.keystore.location = null
	ssl.keystore.password = null
	ssl.keystore.type = JKS
	ssl.protocol = TLSv1.3
	ssl.provider = null
	ssl.secure.random.implementation = null
	ssl.trustmanager.algorithm = PKIX
	ssl.truststore.certificates = null
	ssl.truststore.location = null
	ssl.truststore.password = null
	ssl.truststore.type = JKS
	transaction.timeout.ms = 60000
	transactional.id = null
	value.serializer = class org.apache.kafka.common.serialization.StringSerializer
 - 
2025-04-23 07:54:53 - org.apache.kafka.common.telemetry.internals.KafkaMetricsCollector - [init] - (INFO) - initializing Kafka metrics collector - 
2025-04-23 07:54:53 - org.apache.kafka.clients.producer.KafkaProducer - [configureTransactionState] - (INFO) - [Producer clientId=MainApp-producer-1] Instantiated an idempotent producer. - 
2025-04-23 07:54:53 - org.apache.kafka.common.utils.AppInfoParser - [<init>] - (INFO) - Kafka version: 3.8.1 - 
2025-04-23 07:54:53 - org.apache.kafka.common.utils.AppInfoParser - [<init>] - (INFO) - Kafka commitId: 70d6ff42debf7e17 - 
2025-04-23 07:54:53 - org.apache.kafka.common.utils.AppInfoParser - [<init>] - (INFO) - Kafka startTimeMs: 1745384093773 - 
2025-04-23 07:54:53 - org.apache.kafka.clients.Metadata - [update] - (INFO) - [Producer clientId=MainApp-producer-1] Cluster ID: 5L6g3nShT-eMCtK--X86sw - 
2025-04-23 07:54:53 - com.murat.mainapp.coordinator.Coordinator - [onRateAvailable] - (INFO) - Rate available: PF1_EURUSD|1.08|1.29|2025-04-23T07:54:53.449 - 
2025-04-23 07:54:53 - org.apache.kafka.clients.producer.internals.TransactionManager - [setProducerIdAndEpoch] - (INFO) - [Producer clientId=MainApp-producer-1] ProducerId set to 8000 with epoch 0 - 
2025-04-23 07:54:55 - com.murat.mainapp.coordinator.Coordinator - [onRateAvailable] - (INFO) - Rate available: PF2_USDTRY|35.02|36.02|2025-04-23T07:54:55.725 - 
2025-04-23 07:54:55 - com.murat.mainapp.coordinator.Coordinator - [onRateAvailable] - (INFO) - Rate available: PF2_EURUSD|1.09|1.11|2025-04-23T07:54:55.799 - 
2025-04-23 07:54:59 - com.murat.mainapp.coordinator.Coordinator - [tryCalculate] - (INFO) - Calculated Rate available: USDTRY|35.02|36.02|2025-04-23T07:54:59.883 - 
2025-04-23 07:54:59 - com.murat.mainapp.coordinator.Coordinator - [tryCalculate] - (INFO) - Calculated Rate available: EURTRY|38.51|42.62|2025-04-23T07:54:59.885 - 
2025-04-23 07:55:23 - com.murat.mainapp.coordinator.Coordinator - [onRateUpdate] - (INFO) - Rate update: PF1_USDTRY|34.69|35.69|2025-04-23T07:55:23.451 - 
2025-04-23 07:55:23 - com.murat.mainapp.coordinator.Coordinator - [onRateUpdate] - (INFO) - Rate update: PF1_EURUSD|1.09|1.30|2025-04-23T07:55:23.451 - 
2025-04-23 07:55:25 - com.murat.mainapp.coordinator.Coordinator - [onRateUpdate] - (INFO) - Rate USDTRY change abnormal for platform PF2 old value : 35.02312312312 new value : 35.56751194175814 - 
2025-04-23 07:55:25 - com.murat.mainapp.coordinator.Coordinator - [onRateUpdate] - (INFO) - Rate update: PF2_EURUSD|1.08|1.10|2025-04-23T07:55:25.714 - 
2025-04-23 07:55:29 - com.murat.mainapp.coordinator.Coordinator - [tryCalculate] - (INFO) - Calculated Rate available: USDTRY|34.69|35.69|2025-04-23T07:55:23.451 - 
2025-04-23 07:55:29 - com.murat.mainapp.coordinator.Coordinator - [tryCalculate] - (INFO) - Calculated Rate available: EURTRY|38.14|42.21|2025-04-23T07:55:29.890 - 
2025-04-23 07:55:53 - com.murat.mainapp.coordinator.Coordinator - [onRateUpdate] - (INFO) - Rate update: PF1_USDTRY|34.70|35.70|2025-04-23T07:55:53.464 - 
2025-04-23 07:55:53 - com.murat.mainapp.coordinator.Coordinator - [onRateUpdate] - (INFO) - Rate update: PF1_EURUSD|1.08|1.29|2025-04-23T07:55:53.465 - 
2025-04-23 07:55:55 - com.murat.mainapp.coordinator.Coordinator - [onRateUpdate] - (INFO) - Rate update: PF2_USDTRY|35.33|36.33|2025-04-23T07:55:55.709 - 
2025-04-23 07:55:55 - com.murat.mainapp.coordinator.Coordinator - [onRateUpdate] - (INFO) - Rate update: PF2_EURUSD|1.08|1.10|2025-04-23T07:55:55.721 - 
2025-04-23 07:55:59 - com.murat.mainapp.coordinator.Coordinator - [tryCalculate] - (INFO) - Calculated Rate available: USDTRY|35.02|36.02|2025-04-23T07:55:59.879 - 
2025-04-23 07:55:59 - com.murat.mainapp.coordinator.Coordinator - [tryCalculate] - (INFO) - Calculated Rate available: EURTRY|38.39|42.49|2025-04-23T07:55:59.880 - 
2025-04-23 07:56:23 - com.murat.mainapp.coordinator.Coordinator - [onRateUpdate] - (INFO) - Rate USDTRY change abnormal for platform PF1 old value : 34.70416567917451 new value : 34.03587263713874 - 
2025-04-23 07:56:23 - com.murat.mainapp.coordinator.Coordinator - [onRateUpdate] - (INFO) - Rate EURUSD change abnormal for platform PF1 old value : 1.0786221333857449 new value : 1.0902029026630877 - 
2025-04-23 07:56:25 - com.murat.mainapp.coordinator.Coordinator - [onRateUpdate] - (INFO) - Rate update: PF2_USDTRY|35.65|36.65|2025-04-23T07:56:25.710 - 
2025-04-23 07:56:25 - com.murat.mainapp.coordinator.Coordinator - [onRateUpdate] - (INFO) - Rate update: PF2_EURUSD|1.08|1.11|2025-04-23T07:56:25.723 - 
2025-04-23 07:56:29 - com.murat.mainapp.coordinator.Coordinator - [tryCalculate] - (INFO) - Calculated Rate available: USDTRY|35.65|36.65|2025-04-23T07:56:25.710 - 
2025-04-23 07:56:29 - com.murat.mainapp.coordinator.Coordinator - [tryCalculate] - (INFO) - Calculated Rate available: EURTRY|39.22|39.97|2025-04-23T07:56:29.872 - 
2025-04-23 07:56:53 - com.murat.mainapp.coordinator.Coordinator - [onRateUpdate] - (INFO) - Rate update: PF1_USDTRY|34.38|35.38|2025-04-23T07:56:53.482 - 
2025-04-23 07:56:53 - com.murat.mainapp.coordinator.Coordinator - [onRateUpdate] - (INFO) - Rate update: PF1_EURUSD|1.07|1.28|2025-04-23T07:56:53.483 - 
2025-04-23 07:56:55 - com.murat.mainapp.coordinator.Coordinator - [onRateUpdate] - (INFO) - Rate update: PF2_USDTRY|35.85|36.85|2025-04-23T07:56:55.721 - 
2025-04-23 07:56:55 - com.murat.mainapp.coordinator.Coordinator - [onRateUpdate] - (INFO) - Rate EURUSD change abnormal for platform PF2 old value : 1.0847256789688884 new value : 1.062005932877159 - 
2025-04-23 07:56:59 - com.murat.mainapp.coordinator.Coordinator - [tryCalculate] - (INFO) - Calculated Rate available: USDTRY|35.12|36.12|2025-04-23T07:56:59.883 - 
2025-04-23 07:56:59 - com.murat.mainapp.coordinator.Coordinator - [tryCalculate] - (INFO) - Calculated Rate available: EURTRY|38.21|45.69|2025-04-23T07:56:59.885 - 
2025-04-23 07:57:23 - com.murat.mainapp.coordinator.Coordinator - [onRateUpdate] - (INFO) - Rate update: PF1_USDTRY|34.53|35.53|2025-04-23T07:57:23.488 - 
2025-04-23 07:57:23 - com.murat.mainapp.coordinator.Coordinator - [onRateUpdate] - (INFO) - Rate update: PF1_EURUSD|1.07|1.28|2025-04-23T07:57:23.488 - 
2025-04-23 07:57:25 - com.murat.mainapp.coordinator.Coordinator - [onRateUpdate] - (INFO) - Rate update: PF2_USDTRY|35.55|36.55|2025-04-23T07:57:25.726 - 
2025-04-23 07:57:25 - com.murat.mainapp.coordinator.Coordinator - [onRateUpdate] - (INFO) - Rate update: PF2_EURUSD|1.08|1.10|2025-04-23T07:57:25.745 - 
2025-04-23 07:57:29 - com.murat.mainapp.coordinator.Coordinator - [tryCalculate] - (INFO) - Calculated Rate available: USDTRY|35.04|36.04|2025-04-23T07:57:29.879 - 
2025-04-23 07:57:29 - com.murat.mainapp.coordinator.Coordinator - [tryCalculate] - (INFO) - Calculated Rate available: EURTRY|38.20|42.31|2025-04-23T07:57:29.880 - 
2025-04-23 07:57:53 - com.murat.mainapp.coordinator.Coordinator - [onRateUpdate] - (INFO) - Rate update: PF1_USDTRY|34.21|35.21|2025-04-23T07:57:53.498 - 
2025-04-23 07:57:53 - com.murat.mainapp.coordinator.Coordinator - [onRateUpdate] - (INFO) - Rate update: PF1_EURUSD|1.07|1.28|2025-04-23T07:57:53.498 - 
2025-04-23 07:57:55 - com.murat.mainapp.coordinator.Coordinator - [onRateUpdate] - (INFO) - Rate update: PF2_USDTRY|35.85|36.85|2025-04-23T07:57:55.718 - 
2025-04-23 07:57:55 - com.murat.mainapp.coordinator.Coordinator - [onRateUpdate] - (INFO) - Rate update: PF2_EURUSD|1.08|1.10|2025-04-23T07:57:55.730 - 
2025-04-23 07:57:59 - com.murat.mainapp.coordinator.Coordinator - [tryCalculate] - (INFO) - Calculated Rate available: USDTRY|35.03|36.03|2025-04-23T07:57:59.877 - 
2025-04-23 07:57:59 - com.murat.mainapp.coordinator.Coordinator - [tryCalculate] - (INFO) - Calculated Rate available: EURTRY|38.09|42.19|2025-04-23T07:57:59.878 - 
2025-04-23 07:58:23 - com.murat.mainapp.coordinator.Coordinator - [onRateUpdate] - (INFO) - Rate USDTRY change abnormal for platform PF1 old value : 34.20757899085598 new value : 33.66590361736365 - 
2025-04-23 07:58:23 - com.murat.mainapp.coordinator.Coordinator - [onRateUpdate] - (INFO) - Rate update: PF1_EURUSD|1.07|1.28|2025-04-23T07:58:23.500 - 
2025-04-23 07:58:25 - com.murat.mainapp.coordinator.Coordinator - [onRateUpdate] - (INFO) - Rate USDTRY change abnormal for platform PF2 old value : 35.8526471039007 new value : 35.294066417578485 - 
2025-04-23 07:58:25 - com.murat.mainapp.coordinator.Coordinator - [onRateUpdate] - (INFO) - Rate update: PF2_EURUSD|1.08|1.11|2025-04-23T07:58:25.718 - 
2025-04-23 07:58:53 - com.murat.mainapp.coordinator.Coordinator - [onRateUpdate] - (INFO) - Rate update: PF1_USDTRY|34.01|35.01|2025-04-23T07:58:53.504 - 
2025-04-23 07:58:53 - com.murat.mainapp.coordinator.Coordinator - [onRateUpdate] - (INFO) - Rate update: PF1_EURUSD|1.06|1.27|2025-04-23T07:58:53.505 - 
2025-04-23 07:58:55 - com.murat.mainapp.coordinator.Coordinator - [onRateUpdate] - (INFO) - Rate update: PF2_USDTRY|35.67|36.67|2025-04-23T07:58:55.719 - 
2025-04-23 07:58:55 - com.murat.mainapp.coordinator.Coordinator - [onRateUpdate] - (INFO) - Rate update: PF2_EURUSD|1.08|1.10|2025-04-23T07:58:55.730 - 
2025-04-23 07:58:59 - com.murat.mainapp.coordinator.Coordinator - [tryCalculate] - (INFO) - Calculated Rate available: USDTRY|34.84|35.84|2025-04-23T07:58:59.893 - 
2025-04-23 07:58:59 - com.murat.mainapp.coordinator.Coordinator - [tryCalculate] - (INFO) - Calculated Rate available: EURTRY|37.87|41.96|2025-04-23T07:58:59.895 - 
2025-04-23 07:59:23 - com.murat.mainapp.coordinator.Coordinator - [onRateUpdate] - (INFO) - Rate update: PF1_USDTRY|34.27|35.27|2025-04-23T07:59:23.513 - 
2025-04-23 07:59:23 - com.murat.mainapp.coordinator.Coordinator - [onRateUpdate] - (INFO) - Rate update: PF1_EURUSD|1.06|1.27|2025-04-23T07:59:23.513 - 
2025-04-23 07:59:25 - com.murat.mainapp.coordinator.Coordinator - [onRateUpdate] - (INFO) - Rate update: PF2_USDTRY|35.94|36.94|2025-04-23T07:59:25.723 - 
2025-04-23 07:59:25 - com.murat.mainapp.coordinator.Coordinator - [onRateUpdate] - (INFO) - Rate EURUSD change abnormal for platform PF2 old value : 1.0784574092378445 new value : 1.0635110986264342 - 
2025-04-23 07:59:29 - com.murat.mainapp.coordinator.Coordinator - [tryCalculate] - (INFO) - Calculated Rate available: USDTRY|35.11|36.11|2025-04-23T07:59:29.881 - 
2025-04-23 07:59:29 - com.murat.mainapp.coordinator.Coordinator - [tryCalculate] - (INFO) - Calculated Rate available: EURTRY|37.71|45.19|2025-04-23T07:59:29.882 - 
2025-04-23 07:59:53 - com.murat.mainapp.coordinator.Coordinator - [onRateUpdate] - (INFO) - Rate update: PF1_USDTRY|34.28|35.28|2025-04-23T07:59:53.521 - 
2025-04-23 07:59:53 - com.murat.mainapp.coordinator.Coordinator - [onRateUpdate] - (INFO) - Rate update: PF1_EURUSD|1.06|1.27|2025-04-23T07:59:53.522 - 
2025-04-23 07:59:55 - com.murat.mainapp.coordinator.Coordinator - [onRateUpdate] - (INFO) - Rate USDTRY change abnormal for platform PF2 old value : 35.944072303206966 new value : 36.68737860164701 - 
2025-04-23 07:59:55 - com.murat.mainapp.coordinator.Coordinator - [onRateUpdate] - (INFO) - Rate update: PF2_EURUSD|1.07|1.10|2025-04-23T07:59:55.712 - 
2025-04-23 07:59:59 - com.murat.mainapp.coordinator.Coordinator - [tryCalculate] - (INFO) - Calculated Rate available: USDTRY|34.28|35.28|2025-04-23T07:59:53.521 - 
2025-04-23 07:59:59 - com.murat.mainapp.coordinator.Coordinator - [tryCalculate] - (INFO) - Calculated Rate available: EURTRY|37.07|41.09|2025-04-23T07:59:59.879 - 
2025-04-23 08:00:17 - org.apache.kafka.clients.producer.KafkaProducer - [close] - (INFO) - [Producer clientId=MainApp-producer-1] Closing the Kafka producer with timeoutMillis = 30000 ms. - 
2025-04-23 08:00:17 - org.apache.kafka.common.metrics.Metrics - [close] - (INFO) - Metrics scheduler closed - 
2025-04-23 08:00:17 - org.apache.kafka.common.metrics.Metrics - [close] - (INFO) - Closing reporter org.apache.kafka.common.metrics.JmxReporter - 
2025-04-23 08:00:17 - org.apache.kafka.common.metrics.Metrics - [close] - (INFO) - Closing reporter org.apache.kafka.common.telemetry.internals.ClientTelemetryReporter - 
2025-04-23 08:00:17 - org.apache.kafka.common.metrics.Metrics - [close] - (INFO) - Metrics reporters closed - 
2025-04-23 08:00:17 - org.apache.kafka.common.utils.AppInfoParser - [unregisterAppInfo] - (INFO) - App info kafka.producer for MainApp-producer-1 unregistered - 
2025-04-23 08:00:17 - com.murat.mainapp.coordinator.Coordinator - [shutdown] - (INFO) - Shutting down Coordinator - 
2025-04-23 08:00:17 - com.murat.mainapp.fetcher.TcpDataFetcher - [unsubscribe] - (INFO) - Unsubscribing from platform PF1 rate EURUSD  - 
2025-04-23 08:00:18 - com.murat.mainapp.fetcher.TcpDataFetcher - [lambda$unsubscribe$2] - (INFO) - Sent unsubscribe command for rate: EURUSD - 
2025-04-23 08:00:18 - com.murat.mainapp.fetcher.TcpDataFetcher - [lambda$unsubscribe$2] - (INFO) - Unsubscribed from platform PF1 rate EURUSD  - 
2025-04-23 08:00:18 - com.murat.mainapp.fetcher.TcpDataFetcher - [unsubscribe] - (INFO) - Unsubscribing from platform PF1 rate USDTRY  - 
2025-04-23 08:00:18 - com.murat.mainapp.fetcher.TcpDataFetcher - [lambda$startReaderThread$0] - (INFO) - Unsubscribed from PF1_EURUSD - 
2025-04-23 08:00:19 - com.murat.mainapp.fetcher.TcpDataFetcher - [lambda$startReaderThread$0] - (INFO) - Unsubscribed from PF1_USDTRY - 
2025-04-23 08:00:19 - com.murat.mainapp.fetcher.TcpDataFetcher - [lambda$unsubscribe$2] - (INFO) - Sent unsubscribe command for rate: USDTRY - 
2025-04-23 08:00:19 - com.murat.mainapp.fetcher.TcpDataFetcher - [lambda$unsubscribe$2] - (INFO) - Unsubscribed from platform PF1 rate USDTRY  - 
2025-04-23 08:00:19 - com.murat.mainapp.fetcher.TcpDataFetcher - [disconnect] - (INFO) - Disconnected from PF1 - 
2025-04-23 08:00:19 - com.murat.mainapp.fetcher.RestDataFetcher - [lambda$disconnect$0] - (INFO) - Unsubscribed from EURUSD - 
2025-04-23 08:00:19 - com.murat.mainapp.fetcher.RestDataFetcher - [lambda$disconnect$0] - (INFO) - Unsubscribed from USDTRY - 
2025-04-23 08:00:19 - com.murat.mainapp.coordinator.Coordinator - [onDisconnect] - (INFO) - Disconnected from platform PF2 with status true - 
2025-04-23 08:00:19 - com.murat.mainapp.fetcher.RestDataFetcher - [disconnect] - (INFO) - Disconnected from PF2 - 
